<?xml version="1.0" encoding="UTF-8"?>
<testng-results ignored="0" total="3" passed="2" failed="1" skipped="0">
  <reporter-output>
  </reporter-output>
  <suite started-at="2020-09-08T22:11:11Z" name="Default suite" finished-at="2020-09-08T22:11:47Z" duration-ms="35892">
    <groups>
    </groups>
    <test started-at="2020-09-08T22:11:11Z" name="Default test" finished-at="2020-09-08T22:11:47Z" duration-ms="35892">
      <class name="package1.AP">
        <test-method is-config="true" signature="BeforeSuite()[pri:0, instance:package1.AP@2e3967ea]" started-at="2020-09-08T22:10:56Z" name="BeforeSuite" finished-at="2020-09-08T22:11:11Z" duration-ms="14844" status="PASS">
          <reporter-output>
          </reporter-output>
        </test-method> <!-- BeforeSuite -->
        <test-method signature="Open_IOS()[pri:0, instance:package1.AP@2e3967ea]" started-at="2020-09-08T22:11:11Z" name="Open_IOS" finished-at="2020-09-08T22:11:28Z" duration-ms="17154" status="PASS">
          <reporter-output>
          </reporter-output>
        </test-method> <!-- Open_IOS -->
        <test-method signature="Choose_system()[pri:0, instance:package1.AP@2e3967ea]" started-at="2020-09-08T22:11:28Z" name="Choose_system" finished-at="2020-09-08T22:11:47Z" depends-on-methods="package1.AP.Open_IOS" duration-ms="18533" status="PASS">
          <reporter-output>
          </reporter-output>
        </test-method> <!-- Choose_system -->
        <test-method signature="openAPS100()[pri:0, instance:package1.AP@2e3967ea]" started-at="2020-09-08T22:11:47Z" name="openAPS100" finished-at="2020-09-08T22:11:47Z" depends-on-methods="package1.AP.Choose_system" duration-ms="160" status="FAIL">
          <exception class="java.lang.NullPointerException">
            <full-stacktrace>
              <![CDATA[java.lang.NullPointerException
at package1.AP.openAPS100(AP.java:44)
at java.base/jdk.internal.reflect.NativeMethodAccessorImpl.invoke0(Native Method)
at java.base/jdk.internal.reflect.NativeMethodAccessorImpl.invoke(NativeMethodAccessorImpl.java:62)
at java.base/jdk.internal.reflect.DelegatingMethodAccessorImpl.invoke(DelegatingMethodAccessorImpl.java:43)
at java.base/java.lang.reflect.Method.invoke(Method.java:564)
at org.testng.internal.MethodInvocationHelper.invokeMethod(MethodInvocationHelper.java:124)
at org.testng.internal.Invoker.invokeMethod(Invoker.java:583)
at org.testng.internal.Invoker.invokeTestMethod(Invoker.java:719)
at org.testng.internal.Invoker.invokeTestMethods(Invoker.java:989)
at org.testng.internal.TestMethodWorker.invokeTestMethods(TestMethodWorker.java:125)
at org.testng.internal.TestMethodWorker.run(TestMethodWorker.java:109)
at org.testng.TestRunner.privateRun(TestRunner.java:648)
at org.testng.TestRunner.run(TestRunner.java:505)
at org.testng.SuiteRunner.runTest(SuiteRunner.java:455)
at org.testng.SuiteRunner.runSequentially(SuiteRunner.java:450)
at org.testng.SuiteRunner.privateRun(SuiteRunner.java:415)
at org.testng.SuiteRunner.run(SuiteRunner.java:364)
at org.testng.SuiteRunnerWorker.runSuite(SuiteRunnerWorker.java:52)
at org.testng.SuiteRunnerWorker.run(SuiteRunnerWorker.java:84)
at org.testng.TestNG.runSuitesSequentially(TestNG.java:1208)
at org.testng.TestNG.runSuitesLocally(TestNG.java:1137)
at org.testng.TestNG.runSuites(TestNG.java:1049)
at org.testng.TestNG.run(TestNG.java:1017)
at org.testng.remote.AbstractRemoteTestNG.run(AbstractRemoteTestNG.java:115)
at org.testng.remote.RemoteTestNG.initAndRun(RemoteTestNG.java:251)
at org.testng.remote.RemoteTestNG.main(RemoteTestNG.java:77)
]]>
            </full-stacktrace>
          </exception> <!-- java.lang.NullPointerException -->
          <reporter-output>
          </reporter-output>
        </test-method> <!-- openAPS100 -->
        <test-method is-config="true" signature="AfterSuite()[pri:0, instance:package1.AP@2e3967ea]" started-at="2020-09-08T22:11:53Z" name="AfterSuite" finished-at="2020-09-08T22:11:53Z" duration-ms="332" status="PASS">
          <reporter-output>
          </reporter-output>
        </test-method> <!-- AfterSuite -->
      </class> <!-- package1.AP -->
    </test> <!-- Default test -->
  </suite> <!-- Default suite -->
</testng-results>
